#
# There is insufficient memory for the Java Runtime Environment to continue.
# Native memory allocation (malloc) failed to allocate 335056 bytes for Chunk::new
# Possible reasons:
#   The system is out of physical RAM or swap space
#   The process is running with CompressedOops enabled, and the Java Heap may be blocking the growth of the native heap
# Possible solutions:
#   Reduce memory load on the system
#   Increase physical memory or swap space
#   Check if swap backing store is full
#   Decrease Java heap size (-Xmx/-Xms)
#   Decrease number of Java threads
#   Decrease Java thread stack sizes (-Xss)
#   Set larger code cache with -XX:ReservedCodeCacheSize=
#   JVM is running with Unscaled Compressed Oops mode in which the Java heap is
#     placed in the first 4GB address space. The Java Heap base address is the
#     maximum limit for the native heap growth. Please use -XX:HeapBaseMinAddress
#     to set the Java Heap base and to place the Java Heap above 4GB virtual address.
# This output file may be truncated or incomplete.
#
#  Out of Memory Error (c:/BuildAgent/work/5ff2f6c26000d570/src/hotspot/share/memory/arena.cpp:197), pid=23272, tid=17072
#
# JRE version: OpenJDK Runtime Environment (11.0.4+10) (build 11.0.4+10-b304.69)
# Java VM: OpenJDK 64-Bit Server VM (11.0.4+10-b304.69, mixed mode, sharing, tiered, compressed oops, g1 gc, windows-amd64)
# No core dump will be written. Minidumps are not enabled by default on client versions of Windows
#

---------------  S U M M A R Y ------------

Command Line: -Dmaven.multiModuleProjectDirectory=E:\IdeaProjects\betterplot -Dmaven.home=D:\JetBrains\IntelliJ IDEA 2019.2.3\plugins\maven\lib\maven3 -Dclassworlds.conf=D:\JetBrains\IntelliJ IDEA 2019.2.3\plugins\maven\lib\maven3\bin\m2.conf -Dmaven.ext.class.path=D:\JetBrains\IntelliJ IDEA 2019.2.3\plugins\maven\lib\maven-event-listener.jar -javaagent:D:\JetBrains\IntelliJ IDEA 2019.2.3\lib\idea_rt.jar=64131:D:\JetBrains\IntelliJ IDEA 2019.2.3\bin -Dfile.encoding=UTF-8 org.codehaus.classworlds.Launcher -Didea.version2019.2.3 -s D:\apache-maven-3.5.4-bin\apache-maven-3.5.4\conf\settings.xml -Dmaven.repo.local=E:\maven\localRepository clean

Host: Intel(R) Core(TM) i5-8250U CPU @ 1.60GHz, 8 cores, 7G,  Windows 10 , 64 bit Build 18362 (10.0.18362.900)
Time: Thu Jul  2 21:31:19 2020 ?D1¨²¡À¨º¡Á?¨º¡À?? elapsed time: 0 seconds (0d 0h 0m 0s)

---------------  T H R E A D  ---------------

Current thread (0x000001e67ba9e800):  JavaThread "C2 CompilerThread0" daemon [_thread_in_native, id=17072, stack(0x00000009bc300000,0x00000009bc400000)]


Current CompileTask:
C2:    751  470       4       java.util.HashMap::putVal (300 bytes)

Stack: [0x00000009bc300000,0x00000009bc400000]
Native frames: (J=compiled Java code, j=interpreted, Vv=VM code, C=native code)
V  [jvm.dll+0x5db31a]
V  [jvm.dll+0x70c395]
V  [jvm.dll+0x70d8b8]
V  [jvm.dll+0x70df83]
V  [jvm.dll+0x23dbb8]
V  [jvm.dll+0xb91fc]
V  [jvm.dll+0xb96fc]
V  [jvm.dll+0x34f40d]
V  [jvm.dll+0x31d333]
V  [jvm.dll+0x31c8ca]
V  [jvm.dll+0x1f7832]
V  [jvm.dll+0x1f6a04]
V  [jvm.dll+0x17fd7c]
V  [jvm.dll+0x204d17]
V  [jvm.dll+0x2035b2]
V  [jvm.dll+0x6d956f]
V  [jvm.dll+0x6d236d]
V  [jvm.dll+0x5da5e6]
C  [ucrtbase.dll+0x20e82]
C  [KERNEL32.DLL+0x17bd4]
C  [ntdll.dll+0x6ce51]


---------------  P R O C E S S  ---------------

Threads class SMR info:
_java_thread_list=0x000001e67cb1a680, length=11, elements={
0x000001e661346000, 0x000001e67ba80800, 0x000001e67ba83800, 0x000001e67ba9a000,
0x000001e67ba9d000, 0x000001e67ba9e800, 0x000001e67baa1800, 0x000001e67baa4800,
0x000001e67ba65000, 0x000001e67ca2d800, 0x000001e67c9ec800
}

Java Threads: ( => current thread )
  0x000001e661346000 JavaThread "main" [_thread_in_native, id=4144, stack(0x00000009bb800000,0x00000009bb900000)]
  0x000001e67ba80800 JavaThread "Reference Handler" daemon [_thread_blocked, id=16428, stack(0x00000009bbf00000,0x00000009bc000000)]
  0x000001e67ba83800 JavaThread "Finalizer" daemon [_thread_blocked, id=17552, stack(0x00000009bc000000,0x00000009bc100000)]
  0x000001e67ba9a000 JavaThread "Signal Dispatcher" daemon [_thread_blocked, id=16876, stack(0x00000009bc100000,0x00000009bc200000)]
  0x000001e67ba9d000 JavaThread "Attach Listener" daemon [_thread_blocked, id=8312, stack(0x00000009bc200000,0x00000009bc300000)]
=>0x000001e67ba9e800 JavaThread "C2 CompilerThread0" daemon [_thread_in_native, id=17072, stack(0x00000009bc300000,0x00000009bc400000)]
  0x000001e67baa1800 JavaThread "C1 CompilerThread0" daemon [_thread_blocked, id=8436, stack(0x00000009bc400000,0x00000009bc500000)]
  0x000001e67baa4800 JavaThread "Sweeper thread" daemon [_thread_blocked, id=2552, stack(0x00000009bc500000,0x00000009bc600000)]
  0x000001e67ba65000 JavaThread "Common-Cleaner" daemon [_thread_blocked, id=6752, stack(0x00000009bc600000,0x00000009bc700000)]
  0x000001e67ca2d800 JavaThread "Monitor Ctrl-Break" daemon [_thread_in_native, id=19316, stack(0x00000009bc700000,0x00000009bc800000)]
  0x000001e67c9ec800 JavaThread "Service Thread" daemon [_thread_blocked, id=20508, stack(0x00000009bc800000,0x00000009bc900000)]

Other Threads:
  0x000001e67ba7d800 VMThread "VM Thread" [stack: 0x00000009bbe00000,0x00000009bbf00000] [id=15400]
  0x000001e67c9ed000 WatcherThread [stack: 0x00000009bc900000,0x00000009bca00000] [id=15668]
  0x000001e66135d800 GCTaskThread "GC Thread#0" [stack: 0x00000009bb900000,0x00000009bba00000] [id=23508]
  0x000001e66138d800 ConcurrentGCThread "G1 Main Marker" [stack: 0x00000009bba00000,0x00000009bbb00000] [id=7668]
  0x000001e66138f000 ConcurrentGCThread "G1 Conc#0" [stack: 0x00000009bbb00000,0x00000009bbc00000] [id=5204]
  0x000001e67b90a800 ConcurrentGCThread "G1 Refine#0" [stack: 0x00000009bbc00000,0x00000009bbd00000] [id=11488]
  0x000001e67b90d000 ConcurrentGCThread "G1 Young RemSet Sampling" [stack: 0x00000009bbd00000,0x00000009bbe00000] [id=22340]

Threads with active compile tasks:
C2 CompilerThread0 470       4       java.util.HashMap::putVal (300 bytes)

VM state:not at safepoint (normal execution)

VM Mutex/Monitor currently owned by a thread: None

Heap address: 0x0000000081e00000, size: 2018 MB, Compressed Oops mode: 32-bit
Narrow klass base: 0x0000000800000000, Narrow klass shift: 3
Compressed class space size: 1073741824 Address: 0x0000000840000000

Heap:
 garbage-first heap   total 131072K, used 5120K [0x0000000081e00000, 0x0000000100000000)
  region size 1024K, 7 young (7168K), 0 survivors (0K)
 Metaspace       used 1844K, capacity 2228K, committed 2304K, reserved 1060864K
  class space    used 176K, capacity 489K, committed 512K, reserved 1048576K
Heap Regions: E=young(eden), S=young(survivor), O=old, HS=humongous(starts), HC=humongous(continues), CS=collection set, F=free, A=archive, TAMS=top-at-mark-start (previous, next)
|   0|0x0000000081e00000, 0x0000000081e00000, 0x0000000081f00000|  0%| F|  |TAMS 0x0000000081e00000, 0x0000000081e00000| Untracked 
|   1|0x0000000081f00000, 0x0000000081f00000, 0x0000000082000000|  0%| F|  |TAMS 0x0000000081f00000, 0x0000000081f00000| Untracked 
|   2|0x0000000082000000, 0x0000000082000000, 0x0000000082100000|  0%| F|  |TAMS 0x0000000082000000, 0x0000000082000000| Untracked 
|   3|0x0000000082100000, 0x0000000082100000, 0x0000000082200000|  0%| F|  |TAMS 0x0000000082100000, 0x0000000082100000| Untracked 
|   4|0x0000000082200000, 0x0000000082200000, 0x0000000082300000|  0%| F|  |TAMS 0x0000000082200000, 0x0000000082200000| Untracked 
|   5|0x0000000082300000, 0x0000000082300000, 0x0000000082400000|  0%| F|  |TAMS 0x0000000082300000, 0x0000000082300000| Untracked 
|   6|0x0000000082400000, 0x0000000082400000, 0x0000000082500000|  0%| F|  |TAMS 0x0000000082400000, 0x0000000082400000| Untracked 
|   7|0x0000000082500000, 0x0000000082500000, 0x0000000082600000|  0%| F|  |TAMS 0x0000000082500000, 0x0000000082500000| Untracked 
|   8|0x0000000082600000, 0x0000000082600000, 0x0000000082700000|  0%| F|  |TAMS 0x0000000082600000, 0x0000000082600000| Untracked 
|   9|0x0000000082700000, 0x0000000082700000, 0x0000000082800000|  0%| F|  |TAMS 0x0000000082700000, 0x0000000082700000| Untracked 
|  10|0x0000000082800000, 0x0000000082800000, 0x0000000082900000|  0%| F|  |TAMS 0x0000000082800000, 0x0000000082800000| Untracked 
|  11|0x0000000082900000, 0x0000000082900000, 0x0000000082a00000|  0%| F|  |TAMS 0x0000000082900000, 0x0000000082900000| Untracked 
|  12|0x0000000082a00000, 0x0000000082a00000, 0x0000000082b00000|  0%| F|  |TAMS 0x0000000082a00000, 0x0000000082a00000| Untracked 
|  13|0x0000000082b00000, 0x0000000082b00000, 0x0000000082c00000|  0%| F|  |TAMS 0x0000000082b00000, 0x0000000082b00000| Untracked 
|  14|0x0000000082c00000, 0x0000000082c00000, 0x0000000082d00000|  0%| F|  |TAMS 0x0000000082c00000, 0x0000000082c00000| Untracked 
|  15|0x0000000082d00000, 0x0000000082d00000, 0x0000000082e00000|  0%| F|  |TAMS 0x0000000082d00000, 0x0000000082d00000| Untracked 
|  16|0x0000000082e00000, 0x0000000082e00000, 0x0000000082f00000|  0%| F|  |TAMS 0x0000000082e00000, 0x0000000082e00000| Untracked 
|  17|0x0000000082f00000, 0x0000000082f00000, 0x0000000083000000|  0%| F|  |TAMS 0x0000000082f00000, 0x0000000082f00000| Untracked 
|  18|0x0000000083000000, 0x0000000083000000, 0x0000000083100000|  0%| F|  |TAMS 0x0000000083000000, 0x0000000083000000| Untracked 
|  19|0x0000000083100000, 0x0000000083100000, 0x0000000083200000|  0%| F|  |TAMS 0x0000000083100000, 0x0000000083100000| Untracked 
|  20|0x0000000083200000, 0x0000000083200000, 0x0000000083300000|  0%| F|  |TAMS 0x0000000083200000, 0x0000000083200000| Untracked 
|  21|0x0000000083300000, 0x0000000083300000, 0x0000000083400000|  0%| F|  |TAMS 0x0000000083300000, 0x0000000083300000| Untracked 
|  22|0x0000000083400000, 0x0000000083400000, 0x0000000083500000|  0%| F|  |TAMS 0x0000000083400000, 0x0000000083400000| Untracked 
|  23|0x0000000083500000, 0x0000000083500000, 0x0000000083600000|  0%| F|  |TAMS 0x0000000083500000, 0x0000000083500000| Untracked 
|  24|0x0000000083600000, 0x0000000083600000, 0x0000000083700000|  0%| F|  |TAMS 0x0000000083600000, 0x0000000083600000| Untracked 
|  25|0x0000000083700000, 0x0000000083700000, 0x0000000083800000|  0%| F|  |TAMS 0x0000000083700000, 0x0000000083700000| Untracked 
|  26|0x0000000083800000, 0x0000000083800000, 0x0000000083900000|  0%| F|  |TAMS 0x0000000083800000, 0x0000000083800000| Untracked 
|  27|0x0000000083900000, 0x0000000083900000, 0x0000000083a00000|  0%| F|  |TAMS 0x0000000083900000, 0x0000000083900000| Untracked 
|  28|0x0000000083a00000, 0x0000000083a00000, 0x0000000083b00000|  0%| F|  |TAMS 0x0000000083a00000, 0x0000000083a00000| Untracked 
|  29|0x0000000083b00000, 0x0000000083b00000, 0x0000000083c00000|  0%| F|  |TAMS 0x0000000083b00000, 0x0000000083b00000| Untracked 
|  30|0x0000000083c00000, 0x0000000083c00000, 0x0000000083d00000|  0%| F|  |TAMS 0x0000000083c00000, 0x0000000083c00000| Untracked 
|  31|0x0000000083d00000, 0x0000000083d00000, 0x0000000083e00000|  0%| F|  |TAMS 0x0000000083d00000, 0x0000000083d00000| Untracked 
|  32|0x0000000083e00000, 0x0000000083e00000, 0x0000000083f00000|  0%| F|  |TAMS 0x0000000083e00000, 0x0000000083e00000| Untracked 
|  33|0x0000000083f00000, 0x0000000083f00000, 0x0000000084000000|  0%| F|  |TAMS 0x0000000083f00000, 0x0000000083f00000| Untracked 
|  34|0x0000000084000000, 0x0000000084000000, 0x0000000084100000|  0%| F|  |TAMS 0x0000000084000000, 0x0000000084000000| Untracked 
|  35|0x0000000084100000, 0x0000000084100000, 0x0000000084200000|  0%| F|  |TAMS 0x0000000084100000, 0x0000000084100000| Untracked 
|  36|0x0000000084200000, 0x0000000084200000, 0x0000000084300000|  0%| F|  |TAMS 0x0000000084200000, 0x0000000084200000| Untracked 
|  37|0x0000000084300000, 0x0000000084300000, 0x0000000084400000|  0%| F|  |TAMS 0x0000000084300000, 0x0000000084300000| Untracked 
|  38|0x0000000084400000, 0x0000000084400000, 0x0000000084500000|  0%| F|  |TAMS 0x0000000084400000, 0x0000000084400000| Untracked 
|  39|0x0000000084500000, 0x0000000084500000, 0x0000000084600000|  0%| F|  |TAMS 0x0000000084500000, 0x0000000084500000| Untracked 
|  40|0x0000000084600000, 0x0000000084600000, 0x0000000084700000|  0%| F|  |TAMS 0x0000000084600000, 0x0000000084600000| Untracked 
|  41|0x0000000084700000, 0x0000000084700000, 0x0000000084800000|  0%| F|  |TAMS 0x0000000084700000, 0x0000000084700000| Untracked 
|  42|0x0000000084800000, 0x0000000084800000, 0x0000000084900000|  0%| F|  |TAMS 0x0000000084800000, 0x0000000084800000| Untracked 
|  43|0x0000000084900000, 0x0000000084900000, 0x0000000084a00000|  0%| F|  |TAMS 0x0000000084900000, 0x0000000084900000| Untracked 
|  44|0x0000000084a00000, 0x0000000084a00000, 0x0000000084b00000|  0%| F|  |TAMS 0x0000000084a00000, 0x0000000084a00000| Untracked 
|  45|0x0000000084b00000, 0x0000000084b00000, 0x0000000084c00000|  0%| F|  |TAMS 0x0000000084b00000, 0x0000000084b00000| Untracked 
|  46|0x0000000084c00000, 0x0000000084c00000, 0x0000000084d00000|  0%| F|  |TAMS 0x0000000084c00000, 0x0000000084c00000| Untracked 
|  47|0x0000000084d00000, 0x0000000084d00000, 0x0000000084e00000|  0%| F|  |TAMS 0x0000000084d00000, 0x0000000084d00000| Untracked 
|  48|0x0000000084e00000, 0x0000000084e00000, 0x0000000084f00000|  0%| F|  |TAMS 0x0000000084e00000, 0x0000000084e00000| Untracked 
|  49|0x0000000084f00000, 0x0000000084f00000, 0x0000000085000000|  0%| F|  |TAMS 0x0000000084f00000, 0x0000000084f00000| Untracked 
|  50|0x0000000085000000, 0x0000000085000000, 0x0000000085100000|  0%| F|  |TAMS 0x0000000085000000, 0x0000000085000000| Untracked 
|  51|0x0000000085100000, 0x0000000085100000, 0x0000000085200000|  0%| F|  |TAMS 0x0000000085100000, 0x0000000085100000| Untracked 
|  52|0x0000000085200000, 0x0000000085200000, 0x0000000085300000|  0%| F|  |TAMS 0x0000000085200000, 0x0000000085200000| Untracked 
|  53|0x0000000085300000, 0x0000000085300000, 0x0000000085400000|  0%| F|  |TAMS 0x0000000085300000, 0x0000000085300000| Untracked 
|  54|0x0000000085400000, 0x0000000085400000, 0x0000000085500000|  0%| F|  |TAMS 0x0000000085400000, 0x0000000085400000| Untracked 
|  55|0x0000000085500000, 0x0000000085500000, 0x0000000085600000|  0%| F|  |TAMS 0x0000000085500000, 0x0000000085500000| Untracked 
|  56|0x0000000085600000, 0x0000000085600000, 0x0000000085700000|  0%| F|  |TAMS 0x0000000085600000, 0x0000000085600000| Untracked 
|  57|0x0000000085700000, 0x0000000085700000, 0x0000000085800000|  0%| F|  |TAMS 0x0000000085700000, 0x0000000085700000| Untracked 
|  58|0x0000000085800000, 0x0000000085800000, 0x0000000085900000|  0%| F|  |TAMS 0x0000000085800000, 0x0000000085800000| Untracked 
|  59|0x0000000085900000, 0x0000000085900000, 0x0000000085a00000|  0%| F|  |TAMS 0x0000000085900000, 0x0000000085900000| Untracked 
|  60|0x0000000085a00000, 0x0000000085a00000, 0x0000000085b00000|  0%| F|  |TAMS 0x0000000085a00000, 0x0000000085a00000| Untracked 
|  61|0x0000000085b00000, 0x0000000085b00000, 0x0000000085c00000|  0%| F|  |TAMS 0x0000000085b00000, 0x0000000085b00000| Untracked 
|  62|0x0000000085c00000, 0x0000000085c00000, 0x0000000085d00000|  0%| F|  |TAMS 0x0000000085c00000, 0x0000000085c00000| Untracked 
|  63|0x0000000085d00000, 0x0000000085d00000, 0x0000000085e00000|  0%| F|  |TAMS 0x0000000085d00000, 0x0000000085d00000| Untracked 
|  64|0x0000000085e00000, 0x0000000085e00000, 0x0000000085f00000|  0%| F|  |TAMS 0x0000000085e00000, 0x0000000085e00000| Untracked 
|  65|0x0000000085f00000, 0x0000000085f00000, 0x0000000086000000|  0%| F|  |TAMS 0x0000000085f00000, 0x0000000085f00000| Untracked 
|  66|0x0000000086000000, 0x0000000086000000, 0x0000000086100000|  0%| F|  |TAMS 0x0000000086000000, 0x0000000086000000| Untracked 
|  67|0x0000000086100000, 0x0000000086100000, 0x0000000086200000|  0%| F|  |TAMS 0x0000000086100000, 0x0000000086100000| Untracked 
|  68|0x0000000086200000, 0x0000000086200000, 0x0000000086300000|  0%| F|  |TAMS 0x0000000086200000, 0x0000000086200000| Untracked 
|  69|0x0000000086300000, 0x0000000086300000, 0x0000000086400000|  0%| F|  |TAMS 0x0000000086300000, 0x0000000086300000| Untracked 
|  70|0x0000000086400000, 0x0000000086400000, 0x0000000086500000|  0%| F|  |TAMS 0x0000000086400000, 0x0000000086400000| Untracked 
|  71|0x0000000086500000, 0x0000000086500000, 0x0000000086600000|  0%| F|  |TAMS 0x0000000086500000, 0x0000000086500000| Untracked 
|  72|0x0000000086600000, 0x0000000086600000, 0x0000000086700000|  0%| F|  |TAMS 0x0000000086600000, 0x0000000086600000| Untracked 
|  73|0x0000000086700000, 0x0000000086700000, 0x0000000086800000|  0%| F|  |TAMS 0x0000000086700000, 0x0000000086700000| Untracked 
|  74|0x0000000086800000, 0x0000000086800000, 0x0000000086900000|  0%| F|  |TAMS 0x0000000086800000, 0x0000000086800000| Untracked 
|  75|0x0000000086900000, 0x0000000086900000, 0x0000000086a00000|  0%| F|  |TAMS 0x0000000086900000, 0x0000000086900000| Untracked 
|  76|0x0000000086a00000, 0x0000000086a00000, 0x0000000086b00000|  0%| F|  |TAMS 0x0000000086a00000, 0x0000000086a00000| Untracked 
|  77|0x0000000086b00000, 0x0000000086b00000, 0x0000000086c00000|  0%| F|  |TAMS 0x0000000086b00000, 0x0000000086b00000| Untracked 
|  78|0x0000000086c00000, 0x0000000086c00000, 0x0000000086d00000|  0%| F|  |TAMS 0x0000000086c00000, 0x0000000086c00000| Untracked 
|  79|0x0000000086d00000, 0x0000000086d00000, 0x0000000086e00000|  0%| F|  |TAMS 0x0000000086d00000, 0x0000000086d00000| Untracked 
|  80|0x0000000086e00000, 0x0000000086e00000, 0x0000000086f00000|  0%| F|  |TAMS 0x0000000086e00000, 0x0000000086e00000| Untracked 
|  81|0x0000000086f00000, 0x0000000086f00000, 0x0000000087000000|  0%| F|  |TAMS 0x0000000086f00000, 0x0000000086f00000| Untracked 
|  82|0x0000000087000000, 0x0000000087000000, 0x0000000087100000|  0%| F|  |TAMS 0x0000000087000000, 0x0000000087000000| Untracked 
|  83|0x0000000087100000, 0x0000000087100000, 0x0000000087200000|  0%| F|  |TAMS 0x0000000087100000, 0x0000000087100000| Untracked 
|  84|0x0000000087200000, 0x0000000087200000, 0x0000000087300000|  0%| F|  |TAMS 0x0000000087200000, 0x0000000087200000| Untracked 
|  85|0x0000000087300000, 0x0000000087300000, 0x0000000087400000|  0%| F|  |TAMS 0x0000000087300000, 0x0000000087300000| Untracked 
|  86|0x0000000087400000, 0x0000000087400000, 0x0000000087500000|  0%| F|  |TAMS 0x0000000087400000, 0x0000000087400000| Untracked 
|  87|0x0000000087500000, 0x0000000087500000, 0x0000000087600000|  0%| F|  |TAMS 0x0000000087500000, 0x0000000087500000| Untracked 
|  88|0x0000000087600000, 0x0000000087600000, 0x0000000087700000|  0%| F|  |TAMS 0x0000000087600000, 0x0000000087600000| Untracked 
|  89|0x0000000087700000, 0x0000000087700000, 0x0000000087800000|  0%| F|  |TAMS 0x0000000087700000, 0x0000000087700000| Untracked 
|  90|0x0000000087800000, 0x0000000087800000, 0x0000000087900000|  0%| F|  |TAMS 0x0000000087800000, 0x0000000087800000| Untracked 
|  91|0x0000000087900000, 0x0000000087900000, 0x0000000087a00000|  0%| F|  |TAMS 0x0000000087900000, 0x0000000087900000| Untracked 
|  92|0x0000000087a00000, 0x0000000087a00000, 0x0000000087b00000|  0%| F|  |TAMS 0x0000000087a00000, 0x0000000087a00000| Untracked 
|  93|0x0000000087b00000, 0x0000000087b00000, 0x0000000087c00000|  0%| F|  |TAMS 0x0000000087b00000, 0x0000000087b00000| Untracked 
|  94|0x0000000087c00000, 0x0000000087c00000, 0x0000000087d00000|  0%| F|  |TAMS 0x0000000087c00000, 0x0000000087c00000| Untracked 
|  95|0x0000000087d00000, 0x0000000087d00000, 0x0000000087e00000|  0%| F|  |TAMS 0x0000000087d00000, 0x0000000087d00000| Untracked 
|  96|0x0000000087e00000, 0x0000000087e00000, 0x0000000087f00000|  0%| F|  |TAMS 0x0000000087e00000, 0x0000000087e00000| Untracked 
|  97|0x0000000087f00000, 0x0000000087f00000, 0x0000000088000000|  0%| F|  |TAMS 0x0000000087f00000, 0x0000000087f00000| Untracked 
|  98|0x0000000088000000, 0x0000000088000000, 0x0000000088100000|  0%| F|  |TAMS 0x0000000088000000, 0x0000000088000000| Untracked 
|  99|0x0000000088100000, 0x0000000088100000, 0x0000000088200000|  0%| F|  |TAMS 0x0000000088100000, 0x0000000088100000| Untracked 
| 100|0x0000000088200000, 0x0000000088200000, 0x0000000088300000|  0%| F|  |TAMS 0x0000000088200000, 0x0000000088200000| Untracked 
| 101|0x0000000088300000, 0x0000000088300000, 0x0000000088400000|  0%| F|  |TAMS 0x0000000088300000, 0x0000000088300000| Untracked 
| 102|0x0000000088400000, 0x0000000088400000, 0x0000000088500000|  0%| F|  |TAMS 0x0000000088400000, 0x0000000088400000| Untracked 
| 103|0x0000000088500000, 0x0000000088500000, 0x0000000088600000|  0%| F|  |TAMS 0x0000000088500000, 0x0000000088500000| Untracked 
| 104|0x0000000088600000, 0x0000000088600000, 0x0000000088700000|  0%| F|  |TAMS 0x0000000088600000, 0x0000000088600000| Untracked 
| 105|0x0000000088700000, 0x0000000088700000, 0x0000000088800000|  0%| F|  |TAMS 0x0000000088700000, 0x0000000088700000| Untracked 
| 106|0x0000000088800000, 0x0000000088800000, 0x0000000088900000|  0%| F|  |TAMS 0x0000000088800000, 0x0000000088800000| Untracked 
| 107|0x0000000088900000, 0x0000000088900000, 0x0000000088a00000|  0%| F|  |TAMS 0x0000000088900000, 0x0000000088900000| Untracked 
| 108|0x0000000088a00000, 0x0000000088a00000, 0x0000000088b00000|  0%| F|  |TAMS 0x0000000088a00000, 0x0000000088a00000| Untracked 
| 109|0x0000000088b00000, 0x0000000088b00000, 0x0000000088c00000|  0%| F|  |TAMS 0x0000000088b00000, 0x0000000088b00000| Untracked 
| 110|0x0000000088c00000, 0x0000000088c00000, 0x0000000088d00000|  0%| F|  |TAMS 0x0000000088c00000, 0x0000000088c00000| Untracked 
| 111|0x0000000088d00000, 0x0000000088d00000, 0x0000000088e00000|  0%| F|  |TAMS 0x0000000088d00000, 0x0000000088d00000| Untracked 
| 112|0x0000000088e00000, 0x0000000088e00000, 0x0000000088f00000|  0%| F|  |TAMS 0x0000000088e00000, 0x0000000088e00000| Untracked 
| 113|0x0000000088f00000, 0x0000000088f00000, 0x0000000089000000|  0%| F|  |TAMS 0x0000000088f00000, 0x0000000088f00000| Untracked 
| 114|0x0000000089000000, 0x0000000089000000, 0x0000000089100000|  0%| F|  |TAMS 0x0000000089000000, 0x0000000089000000| Untracked 
| 115|0x0000000089100000, 0x0000000089100000, 0x0000000089200000|  0%| F|  |TAMS 0x0000000089100000, 0x0000000089100000| Untracked 
| 116|0x0000000089200000, 0x0000000089200000, 0x0000000089300000|  0%| F|  |TAMS 0x0000000089200000, 0x0000000089200000| Untracked 
| 117|0x0000000089300000, 0x0000000089300000, 0x0000000089400000|  0%| F|  |TAMS 0x0000000089300000, 0x0000000089300000| Untracked 
| 118|0x0000000089400000, 0x0000000089400000, 0x0000000089500000|  0%| F|  |TAMS 0x0000000089400000, 0x0000000089400000| Untracked 
| 119|0x0000000089500000, 0x0000000089500000, 0x0000000089600000|  0%| F|  |TAMS 0x0000000089500000, 0x0000000089500000| Untracked 
| 120|0x0000000089600000, 0x0000000089600000, 0x0000000089700000|  0%| F|  |TAMS 0x0000000089600000, 0x0000000089600000| Untracked 
| 121|0x0000000089700000, 0x00000000897a72c8, 0x0000000089800000| 65%| E|  |TAMS 0x0000000089700000, 0x0000000089700000| Complete 
| 122|0x0000000089800000, 0x0000000089900000, 0x0000000089900000|100%| E|  |TAMS 0x0000000089800000, 0x0000000089800000| Complete 
| 123|0x0000000089900000, 0x0000000089a00000, 0x0000000089a00000|100%| E|CS|TAMS 0x0000000089900000, 0x0000000089900000| Complete 
| 124|0x0000000089a00000, 0x0000000089b00000, 0x0000000089b00000|100%| E|CS|TAMS 0x0000000089a00000, 0x0000000089a00000| Complete 
| 125|0x0000000089b00000, 0x0000000089c00000, 0x0000000089c00000|100%| E|CS|TAMS 0x0000000089b00000, 0x0000000089b00000| Complete 
| 126|0x0000000089c00000, 0x0000000089d00000, 0x0000000089d00000|100%| E|CS|TAMS 0x0000000089c00000, 0x0000000089c00000| Complete 
| 127|0x0000000089d00000, 0x0000000089e00000, 0x0000000089e00000|100%| E|CS|TAMS 0x0000000089d00000, 0x0000000089d00000| Complete 

Card table byte_map: [0x000001e674920000,0x000001e674d20000] _byte_map_base: 0x000001e674511000

Marking Bits (Prev, Next): (CMBitMap*) 0x000001e661384ed8, (CMBitMap*) 0x000001e661384f10
 Prev Bits: [0x000001e675120000, 0x000001e6770a8000)
 Next Bits: [0x000001e6770b0000, 0x000001e679038000)

Polling page: 0x000001e65f200000

Metaspace:

Usage:
  Non-class:      1.70 MB capacity,     1.63 MB ( 96%) used,    66.20 KB (  4%) free+waste,     4.63 KB ( <1%) overhead. 
      Class:    489.00 KB capacity,   176.40 KB ( 36%) used,   310.35 KB ( 63%) free+waste,     2.25 KB ( <1%) overhead. 
       Both:      2.18 MB capacity,     1.80 MB ( 83%) used,   376.55 KB ( 17%) free+waste,     6.88 KB ( <1%) overhead. 

Virtual space:
  Non-class space:       12.00 MB reserved,       1.75 MB ( 15%) committed 
      Class space:        1.00 GB reserved,     512.00 KB ( <1%) committed 
             Both:        1.01 GB reserved,       2.25 MB ( <1%) committed 

Chunk freelists:
   Non-Class:  53.00 KB
       Class:  0 bytes
        Both:  53.00 KB

CodeHeap 'non-profiled nmethods': size=120000Kb used=151Kb max_used=151Kb free=119848Kb
 bounds [0x000001e66ccc0000, 0x000001e66cf30000, 0x000001e6741f0000]
CodeHeap 'profiled nmethods': size=120000Kb used=696Kb max_used=696Kb free=119303Kb
 bounds [0x000001e665790000, 0x000001e665a00000, 0x000001e66ccc0000]
CodeHeap 'non-nmethods': size=5760Kb used=1073Kb max_used=1083Kb free=4686Kb
 bounds [0x000001e6651f0000, 0x000001e665460000, 0x000001e665790000]
 total_blobs=976 nmethods=483 adapters=272
 compilation: enabled
              stopped_count=0, restarted_count=0
 full_count=0

Compilation events (10 events):
Event: 0.702 Thread 0x000001e67baa1800  476       3       java.lang.invoke.MethodType::parameterCount (6 bytes)
Event: 0.702 Thread 0x000001e67baa1800 nmethod 476 0x000001e665837d90 code [0x000001e665837f40, 0x000001e6658380d8]
Event: 0.706 Thread 0x000001e67baa1800  478       3       java.lang.invoke.MethodType$ConcurrentWeakInternSet$WeakEntry::<init> (14 bytes)
Event: 0.707 Thread 0x000001e67baa1800 nmethod 478 0x000001e665838190 code [0x000001e665838380, 0x000001e665838850]
Event: 0.707 Thread 0x000001e67baa1800  479   !   3       java.lang.invoke.MemberName::getMethodType (203 bytes)
Event: 0.711 Thread 0x000001e67baa1800 nmethod 479 0x000001e665838a10 code [0x000001e665838d00, 0x000001e66583a400]
Event: 0.711 Thread 0x000001e67baa1800  480       3       java.lang.invoke.MethodType$ConcurrentWeakInternSet::get (54 bytes)
Event: 0.713 Thread 0x000001e67baa1800 nmethod 480 0x000001e66583a990 code [0x000001e66583ac00, 0x000001e66583b9e0]
Event: 0.713 Thread 0x000001e67baa1800  481       3       java.lang.invoke.MethodType::equals (29 bytes)
Event: 0.715 Thread 0x000001e67baa1800 nmethod 481 0x000001e66583be10 code [0x000001e66583c000, 0x000001e66583c590]

GC Heap History (0 events):
No events

Deoptimization events (10 events):
Event: 0.697 Thread 0x000001e661346000 DEOPT PACKING pc=0x000001e66ccce008 sp=0x00000009bb8fbfd0
Event: 0.697 Thread 0x000001e661346000 DEOPT UNPACKING pc=0x000001e66521922f sp=0x00000009bb8fbf70 mode 2
Event: 0.697 Thread 0x000001e661346000 Uncommon trap: trap_request=0xffffffde fr.pc=0x000001e66ccce008 relative=0x0000000000000d08
Event: 0.697 Thread 0x000001e661346000 Uncommon trap: reason=class_check action=maybe_recompile pc=0x000001e66ccce008 method=java.util.HashMap.putVal(ILjava/lang/Object;Ljava/lang/Object;ZZ)Ljava/lang/Object; @ 253 c2
Event: 0.697 Thread 0x000001e661346000 DEOPT PACKING pc=0x000001e66ccce008 sp=0x00000009bb8fbfd0
Event: 0.697 Thread 0x000001e661346000 DEOPT UNPACKING pc=0x000001e66521922f sp=0x00000009bb8fbf70 mode 2
Event: 0.697 Thread 0x000001e661346000 Uncommon trap: trap_request=0xffffffde fr.pc=0x000001e66ccce008 relative=0x0000000000000d08
Event: 0.697 Thread 0x000001e661346000 Uncommon trap: reason=class_check action=maybe_recompile pc=0x000001e66ccce008 method=java.util.HashMap.putVal(ILjava/lang/Object;Ljava/lang/Object;ZZ)Ljava/lang/Object; @ 253 c2
Event: 0.697 Thread 0x000001e661346000 DEOPT PACKING pc=0x000001e66ccce008 sp=0x00000009bb8fbfd0
Event: 0.697 Thread 0x000001e661346000 DEOPT UNPACKING pc=0x000001e66521922f sp=0x00000009bb8fbf70 mode 2

Classes redefined (0 events):
No events

Internal exceptions (2 events):
Event: 0.447 Thread 0x000001e661346000 Exception <a 'java/lang/NoSuchMethodError'{0x000000008981e7b8}: 'int java.lang.invoke.DirectMethodHandle$Holder.invokeSpecialIFC(java.lang.Object, java.lang.Object, int)'> (0x000000008981e7b8) thrown at [c:/BuildAgent/work/5ff2f6c26000d570/src/hotspot/sha
Event: 0.708 Thread 0x000001e661346000 Exception <a 'java/lang/NoSuchMethodError'{0x0000000089759ab8}: 'java.lang.Object java.lang.invoke.DirectMethodHandle$Holder.invokeStaticInit(java.lang.Object, int, int, int, int)'> (0x0000000089759ab8) thrown at [c:/BuildAgent/work/5ff2f6c26000d570/src/h

Events (10 events):
Event: 0.711 loading class sun/security/jca/GetInstance$Instance
Event: 0.711 loading class sun/security/jca/GetInstance$Instance done
Event: 0.711 loading class java/security/DrbgParameters$NextBytes
Event: 0.712 loading class java/security/DrbgParameters$NextBytes done
Event: 0.712 loading class sun/security/provider/AbstractDrbg$SeederHolder
Event: 0.712 loading class sun/security/provider/AbstractDrbg$SeederHolder done
Event: 0.712 loading class sun/security/provider/SeedGenerator
Event: 0.713 loading class sun/security/provider/SeedGenerator done
Event: 0.713 loading class sun/security/provider/NativeSeedGenerator
Event: 0.713 loading class sun/security/provider/NativeSeedGenerator done


Dynamic libraries:
0x00007ff6aa930000 - 0x00007ff6aa977000 	D:\JetBrains\IntelliJ IDEA 2019.2.3\jbr\bin\java.exe
0x00007ffa65640000 - 0x00007ffa65830000 	C:\WINDOWS\SYSTEM32\ntdll.dll
0x00007ffa63850000 - 0x00007ffa63902000 	C:\WINDOWS\System32\KERNEL32.DLL
0x00007ffa625d0000 - 0x00007ffa62874000 	C:\WINDOWS\System32\KERNELBASE.dll
0x00007ffa64af0000 - 0x00007ffa64c84000 	C:\WINDOWS\System32\USER32.dll
0x00007ffa63670000 - 0x00007ffa63691000 	C:\WINDOWS\System32\win32u.dll
0x00007ffa63a10000 - 0x00007ffa63a36000 	C:\WINDOWS\System32\GDI32.dll
0x00007ffa63200000 - 0x00007ffa63395000 	C:\WINDOWS\System32\gdi32full.dll
0x00007ffa63420000 - 0x00007ffa634be000 	C:\WINDOWS\System32\msvcp_win.dll
0x00007ffa62930000 - 0x00007ffa62a2a000 	C:\WINDOWS\System32\ucrtbase.dll
0x00007ffa52a60000 - 0x00007ffa52ce4000 	C:\WINDOWS\WinSxS\amd64_microsoft.windows.common-controls_6595b64144ccf1df_6.0.18362.900_none_e6beb9d913147d17\COMCTL32.dll
0x00007ffa653e0000 - 0x00007ffa6547e000 	C:\WINDOWS\System32\msvcrt.dll
0x00007ffa63c30000 - 0x00007ffa63f65000 	C:\WINDOWS\System32\combase.dll
0x00007ffa652c0000 - 0x00007ffa653e0000 	C:\WINDOWS\System32\RPCRT4.dll
0x00007ffa633a0000 - 0x00007ffa63420000 	C:\WINDOWS\System32\bcryptPrimitives.dll
0x00007ffa63c00000 - 0x00007ffa63c2e000 	C:\WINDOWS\System32\IMM32.DLL
0x00007ffa5cca0000 - 0x00007ffa5ccb7000 	D:\JetBrains\IntelliJ IDEA 2019.2.3\jbr\bin\vcruntime140.dll
0x00007ffa40380000 - 0x00007ffa4041d000 	D:\JetBrains\IntelliJ IDEA 2019.2.3\jbr\bin\msvcp140.dll
0x00007ffa2f190000 - 0x00007ffa2fc48000 	D:\JetBrains\IntelliJ IDEA 2019.2.3\jbr\bin\server\jvm.dll
0x00007ffa65480000 - 0x00007ffa65523000 	C:\WINDOWS\System32\ADVAPI32.dll
0x00007ffa63970000 - 0x00007ffa63a07000 	C:\WINDOWS\System32\sechost.dll
0x00007ffa647f0000 - 0x00007ffa647f8000 	C:\WINDOWS\System32\PSAPI.DLL
0x00007ffa5eb00000 - 0x00007ffa5eb24000 	C:\WINDOWS\SYSTEM32\WINMM.dll
0x00007ffa49700000 - 0x00007ffa49709000 	C:\WINDOWS\SYSTEM32\WSOCK32.dll
0x00007ffa55620000 - 0x00007ffa5562a000 	C:\WINDOWS\SYSTEM32\VERSION.dll
0x00007ffa649e0000 - 0x00007ffa64a4f000 	C:\WINDOWS\System32\WS2_32.dll
0x00007ffa5ead0000 - 0x00007ffa5eafd000 	C:\WINDOWS\SYSTEM32\winmmbase.dll
0x00007ffa631b0000 - 0x00007ffa631fa000 	C:\WINDOWS\System32\cfgmgr32.dll
0x00007ffa62530000 - 0x00007ffa62541000 	C:\WINDOWS\System32\kernel.appcore.dll
0x00007ffa5e900000 - 0x00007ffa5e911000 	D:\JetBrains\IntelliJ IDEA 2019.2.3\jbr\bin\verify.dll
0x00007ffa60e00000 - 0x00007ffa60ff4000 	C:\WINDOWS\SYSTEM32\DBGHELP.DLL
0x00007ffa430c0000 - 0x00007ffa430ea000 	C:\WINDOWS\SYSTEM32\dbgcore.DLL
0x00007ffa5e780000 - 0x00007ffa5e7a9000 	D:\JetBrains\IntelliJ IDEA 2019.2.3\jbr\bin\java.dll
0x00007ffa5e740000 - 0x00007ffa5e774000 	D:\JetBrains\IntelliJ IDEA 2019.2.3\jbr\bin\instrument.dll
0x00007ffa5e720000 - 0x00007ffa5e737000 	D:\JetBrains\IntelliJ IDEA 2019.2.3\jbr\bin\zip.dll
0x00007ffa5e8f0000 - 0x00007ffa5e8fb000 	D:\JetBrains\IntelliJ IDEA 2019.2.3\jbr\bin\jimage.dll
0x00007ffa64100000 - 0x00007ffa647e6000 	C:\WINDOWS\System32\SHELL32.dll
0x00007ffa64800000 - 0x00007ffa648a9000 	C:\WINDOWS\System32\shcore.dll
0x00007ffa62a30000 - 0x00007ffa631b0000 	C:\WINDOWS\System32\windows.storage.dll
0x00007ffa62550000 - 0x00007ffa62573000 	C:\WINDOWS\System32\profapi.dll
0x00007ffa62580000 - 0x00007ffa625ca000 	C:\WINDOWS\System32\powrprof.dll
0x00007ffa62500000 - 0x00007ffa62510000 	C:\WINDOWS\System32\UMPDC.dll
0x00007ffa64910000 - 0x00007ffa64962000 	C:\WINDOWS\System32\shlwapi.dll
0x00007ffa636d0000 - 0x00007ffa636e7000 	C:\WINDOWS\System32\cryptsp.dll
0x00007ffa5e700000 - 0x00007ffa5e71a000 	D:\JetBrains\IntelliJ IDEA 2019.2.3\jbr\bin\net.dll
0x00007ffa54df0000 - 0x00007ffa54ee0000 	C:\WINDOWS\SYSTEM32\WINHTTP.dll
0x00007ffa51450000 - 0x00007ffa51626000 	C:\WINDOWS\SYSTEM32\urlmon.dll
0x00007ffa50910000 - 0x00007ffa50bb6000 	C:\WINDOWS\SYSTEM32\iertutil.dll
0x00007ffa61f40000 - 0x00007ffa61f4c000 	C:\WINDOWS\SYSTEM32\CRYPTBASE.DLL
0x00007ffa61d70000 - 0x00007ffa61dd7000 	C:\WINDOWS\system32\mswsock.dll
0x00007ffa5e6e0000 - 0x00007ffa5e6f4000 	D:\JetBrains\IntelliJ IDEA 2019.2.3\jbr\bin\nio.dll
0x00007ffa40cb0000 - 0x00007ffa40cca000 	D:\JetBrains\IntelliJ IDEA 2019.2.3\bin\breakgen64.dll
0x00007ffa618e0000 - 0x00007ffa61913000 	C:\WINDOWS\system32\rsaenh.dll
0x00007ffa636a0000 - 0x00007ffa636c6000 	C:\WINDOWS\System32\bcrypt.dll
0x00007ffa62420000 - 0x00007ffa62445000 	C:\WINDOWS\SYSTEM32\USERENV.dll
0x00007ffa61a80000 - 0x00007ffa61aba000 	C:\WINDOWS\SYSTEM32\IPHLPAPI.DLL
0x00007ffa640f0000 - 0x00007ffa640f8000 	C:\WINDOWS\System32\NSI.dll
0x00007ffa59670000 - 0x00007ffa59686000 	C:\WINDOWS\SYSTEM32\dhcpcsvc6.DLL
0x00007ffa59650000 - 0x00007ffa5966c000 	C:\WINDOWS\SYSTEM32\dhcpcsvc.DLL
0x00007ffa61ac0000 - 0x00007ffa61b8b000 	C:\WINDOWS\SYSTEM32\DNSAPI.dll

dbghelp: loaded successfully - version: 4.0.5 - missing functions: none
symbol engine: initialized successfully - sym options: 0x614 - pdb path: .;D:\JetBrains\IntelliJ IDEA 2019.2.3\jbr\bin;C:\WINDOWS\SYSTEM32;C:\WINDOWS\WinSxS\amd64_microsoft.windows.common-controls_6595b64144ccf1df_6.0.18362.900_none_e6beb9d913147d17;D:\JetBrains\IntelliJ IDEA 2019.2.3\jbr\bin\server;D:\JetBrains\IntelliJ IDEA 2019.2.3\bin

VM Arguments:
jvm_args: -Dmaven.multiModuleProjectDirectory=E:\IdeaProjects\betterplot -Dmaven.home=D:\JetBrains\IntelliJ IDEA 2019.2.3\plugins\maven\lib\maven3 -Dclassworlds.conf=D:\JetBrains\IntelliJ IDEA 2019.2.3\plugins\maven\lib\maven3\bin\m2.conf -Dmaven.ext.class.path=D:\JetBrains\IntelliJ IDEA 2019.2.3\plugins\maven\lib\maven-event-listener.jar -javaagent:D:\JetBrains\IntelliJ IDEA 2019.2.3\lib\idea_rt.jar=64131:D:\JetBrains\IntelliJ IDEA 2019.2.3\bin -Dfile.encoding=UTF-8 
java_command: org.codehaus.classworlds.Launcher -Didea.version2019.2.3 -s D:\apache-maven-3.5.4-bin\apache-maven-3.5.4\conf\settings.xml -Dmaven.repo.local=E:\maven\localRepository clean
java_class_path (initial): D:\JetBrains\IntelliJ IDEA 2019.2.3\plugins\maven\lib\maven3\boot\plexus-classworlds-2.6.0.jar
Launcher Type: SUN_STANDARD

[Global flags]
     intx CICompilerCount                          = 4                                         {product} {ergonomic}
     uint ConcGCThreads                            = 2                                         {product} {ergonomic}
     uint G1ConcRefinementThreads                  = 8                                         {product} {ergonomic}
   size_t G1HeapRegionSize                         = 1048576                                   {product} {ergonomic}
    uintx GCDrainStackTargetSize                   = 64                                        {product} {ergonomic}
   size_t InitialHeapSize                          = 134217728                                 {product} {ergonomic}
   size_t MarkStackSize                            = 4194304                                   {product} {ergonomic}
   size_t MaxHeapSize                              = 2116026368                                {product} {ergonomic}
   size_t MaxNewSize                               = 1268776960                                {product} {ergonomic}
   size_t MinHeapDeltaBytes                        = 1048576                                   {product} {ergonomic}
    uintx NonNMethodCodeHeapSize                   = 5835340                                {pd product} {ergonomic}
    uintx NonProfiledCodeHeapSize                  = 122911450                              {pd product} {ergonomic}
    uintx ProfiledCodeHeapSize                     = 122911450                              {pd product} {ergonomic}
    uintx ReservedCodeCacheSize                    = 251658240                              {pd product} {ergonomic}
     bool SegmentedCodeCache                       = true                                      {product} {ergonomic}
     bool UseCompressedClassPointers               = true                                 {lp64_product} {ergonomic}
     bool UseCompressedOops                        = true                                 {lp64_product} {ergonomic}
     bool UseG1GC                                  = true                                      {product} {ergonomic}
     bool UseLargePagesIndividualAllocation        = false                                  {pd product} {ergonomic}

Logging:
Log output configuration:
 #0: stdout all=warning uptime,level,tags
 #1: stderr all=off uptime,level,tags

Environment Variables:
JAVA_HOME=D:\java\jdk-11
CLASSPATH=.D:\java\jdk-11\lib;D:\java\jdk-11\lib\tools.jar
PATH=D:\mingw-w64\x86_64-8.1.0-posix-seh-rt_v6-rev0\mingw64\bin;C:\Program Files\Alacritty\;D:\Python\Python38\;D:\Python\Python38\Scripts\;C:\Program Files\NVIDIA GPU Computing Toolkit\CUDA\v9.0\bin;C:\Program Files\NVIDIA GPU Computing Toolkit\CUDA\v9.0\lib;C:\Program Files\Microsoft MPI\Bin\;C:\Program Files (x86)\Intel\iCLS Client\;C:\Program Files\Intel\iCLS Client\;C:\WINDOWS\system32;C:\WINDOWS;C:\WINDOWS\System32\Wbem;C:\WINDOWS\System32\WindowsPowerShell\v1.0\;C:\Program Files (x86)\Intel\Intel(R) Management Engine Components\DAL;C:\Program Files\Intel\Intel(R) Management Engine Components\DAL;C:\Program Files (x86)\Intel\Intel(R) Management Engine Components\IPT;C:\Program Files\Intel\Intel(R) Management Engine Components\IPT;C:\Program Files\dotnet\;D:\apache-maven-3.5.4-bin\apache-maven-3.5.4\bin;D:\Git\cmd;D:\.cargo\bin;C:\Program Files (x86)\NVIDIA Corporation\PhysX\Common;D:\cudnn-9.0-windows10-x64-v7.2.1.38\cuda\bin;E:\software\CMake\bin;C:\Program Files\Microsoft SQL Server\130\Tools\Binn\;C:\Windows\System32;E:\scala\bin;D:\sbt\bin;C:\ProgramData\chocolatey\bin;C:\Program Files\Git LFS;D:\java\jdk-11\bin;D:\Microsoft Visual Studio\2017\Community\Common7\IDE;D:\Microsoft Visual Studio\2017\Community;D:\GOPATH\bin;D:\nodejs\node_global;E:\software\Android\SDK\tools;E:\software\gradle-4.10.2-bin\gradle-4.10.2\bin;C:\Program Files\Common Files\Intel\WirelessCommon\;E:\software\svn\bin;D:\automake\automake.exe;D:\gdbconfig;C:\Program Files\Intel\WiFi\bin\;D:\Python\Python37\;D:\Graphviz2.38\bin;D:\Julia-1.3.1\bin;D:\Lua\5.1;D:\Lua\5.1\clibs;D:\PuTTY\;D:\hadoop-3.1.2\hadoop-3.1.2\bin;D:\Go\bin;C:\WINDOWS\system32;C:\WINDOWS;C:\WINDOWS\System32\Wbem;C:\WINDOWS\System32\WindowsPowerShell\v1.0\;C:\WINDOWS\System32\OpenSSH\;E:\software\Android\SDK\platform-tools;E:\software\Android\SDK\emulator;E:\software\Android\SDK\tools;E:\software\Android\SDK\tools\bin;E:\flutter_windows_v1.12.13+hotfix.8-stable\flutter\bin;E:\herowuking-dart-sdk-master\dart-sdk\sdk\bin;E:
USERNAME=Lenovo
OS=Windows_NT
PROCESSOR_IDENTIFIER=Intel64 Family 6 Model 142 Stepping 10, GenuineIntel



---------------  S Y S T E M  ---------------

OS: Windows 10 , 64 bit Build 18362 (10.0.18362.900)

CPU:total 8 (initial active 8) (4 cores per cpu, 2 threads per core) family 6 model 142 stepping 10, cmov, cx8, fxsr, mmx, sse, sse2, sse3, ssse3, sse4.1, sse4.2, popcnt, avx, avx2, aes, clmul, erms, 3dnowpref, lzcnt, ht, tsc, tscinvbit, bmi1, bmi2, adx, fma

Memory: 4k page, system-wide physical 8066M (2442M free)
TotalPageFile size 12162M (AvailPageFile size 0M)
current process WorkingSet (physical memory assigned to process): 47M, peak: 47M
current process commit charge ("private bytes"): 209M, peak: 209M

vm_info: OpenJDK 64-Bit Server VM (11.0.4+10-b304.69) for windows-amd64 JRE (11.0.4+10-b304.69), built on Sep  9 2019 11:39:50 by "" with MS VC++ 14.0 (VS2015)

END.
