#
# There is insufficient memory for the Java Runtime Environment to continue.
# Native memory allocation (mmap) failed to map 134217728 bytes for Failed to commit area from 0x0000000081e00000 to 0x0000000089e00000 of length 134217728.
# Possible reasons:
#   The system is out of physical RAM or swap space
#   The process is running with CompressedOops enabled, and the Java Heap may be blocking the growth of the native heap
# Possible solutions:
#   Reduce memory load on the system
#   Increase physical memory or swap space
#   Check if swap backing store is full
#   Decrease Java heap size (-Xmx/-Xms)
#   Decrease number of Java threads
#   Decrease Java thread stack sizes (-Xss)
#   Set larger code cache with -XX:ReservedCodeCacheSize=
# This output file may be truncated or incomplete.
#
#  Out of Memory Error (c:/BuildAgent/work/5ff2f6c26000d570/src/hotspot/os/windows/os_windows.cpp:3281), pid=24952, tid=14028
#
# JRE version:  (11.0.4+10) (build )
# Java VM: OpenJDK 64-Bit Server VM (11.0.4+10-b304.69, mixed mode, aot, sharing, tiered, compressed oops, g1 gc, windows-amd64)
# No core dump will be written. Minidumps are not enabled by default on client versions of Windows
#

---------------  S U M M A R Y ------------

Command Line: -Dmaven.multiModuleProjectDirectory=E:\IdeaProjects\betterplot\betterplot-model -Dmaven.home=D:\JetBrains\IntelliJ IDEA 2019.2.3\plugins\maven\lib\maven3 -Dclassworlds.conf=D:\JetBrains\IntelliJ IDEA 2019.2.3\plugins\maven\lib\maven3\bin\m2.conf -Dmaven.ext.class.path=D:\JetBrains\IntelliJ IDEA 2019.2.3\plugins\maven\lib\maven-event-listener.jar -javaagent:D:\JetBrains\IntelliJ IDEA 2019.2.3\lib\idea_rt.jar=58664:D:\JetBrains\IntelliJ IDEA 2019.2.3\bin -Dfile.encoding=UTF-8 org.codehaus.classworlds.Launcher -Didea.version2019.2.3 -s D:\apache-maven-3.5.4-bin\apache-maven-3.5.4\conf\settings.xml -Dmaven.repo.local=E:\maven\localRepository install

Host: Intel(R) Core(TM) i5-8250U CPU @ 1.60GHz, 8 cores, 7G,  Windows 10 , 64 bit Build 18362 (10.0.18362.900)
Time: Sun Jun 28 18:13:54 2020 ?D1¨²¡À¨º¡Á?¨º¡À?? elapsed time: 0 seconds (0d 0h 0m 0s)

---------------  T H R E A D  ---------------

Current thread (0x000001a516255000):  JavaThread "Unknown thread" [_thread_in_vm, id=14028, stack(0x0000000ad3700000,0x0000000ad3800000)]

Stack: [0x0000000ad3700000,0x0000000ad3800000]
Native frames: (J=compiled Java code, j=interpreted, Vv=VM code, C=native code)
V  [jvm.dll+0x5db31a]
V  [jvm.dll+0x70c395]
V  [jvm.dll+0x70d8b8]
V  [jvm.dll+0x70df83]
V  [jvm.dll+0x23dbb8]
V  [jvm.dll+0x5d8a74]
V  [jvm.dll+0x5cdb05]
V  [jvm.dll+0x2fa5bb]
V  [jvm.dll+0x2fa52a]
V  [jvm.dll+0x2fa402]
V  [jvm.dll+0x2ff2c6]
V  [jvm.dll+0x347893]
V  [jvm.dll+0x347f96]
V  [jvm.dll+0x347993]
V  [jvm.dll+0x2d4e28]
V  [jvm.dll+0x2d5fd7]
V  [jvm.dll+0x6eb717]
V  [jvm.dll+0x6ecf0c]
V  [jvm.dll+0x354fb9]
V  [jvm.dll+0x6d35be]
V  [jvm.dll+0x3bd673]
V  [jvm.dll+0x3bf9f1]
C  [java.exe+0x3763]
C  [java.exe+0x17a0c]
C  [KERNEL32.DLL+0x17bd4]
C  [ntdll.dll+0x6ce51]


---------------  P R O C E S S  ---------------

Threads class SMR info:
_java_thread_list=0x000001a5149a6eb0, length=0, elements={
}

Java Threads: ( => current thread )

Other Threads:
  0x000001a51626b800 GCTaskThread "GC Thread#0" [stack: 0x0000000ad3800000,0x0000000ad3900000] [id=23384]
  0x000001a51629b000 ConcurrentGCThread "G1 Main Marker" [stack: 0x0000000ad3900000,0x0000000ad3a00000] [id=1756]
  0x000001a51629c000 ConcurrentGCThread "G1 Conc#0" [stack: 0x0000000ad3a00000,0x0000000ad3b00000] [id=964]

[error occurred during error reporting (printing all threads), id 0xc0000005, EXCEPTION_ACCESS_VIOLATION (0xc0000005) at pc=0x00007ffe2ca85727]

VM state:not at safepoint (not fully initialized)

VM Mutex/Monitor currently owned by a thread:  ([mutex/lock_event])
[0x000001a516254230] Heap_lock - owner thread: 0x000001a516255000

Heap address: 0x0000000081e00000, size: 2018 MB, Compressed Oops mode: Non-zero based: 0x0000000081e00000
Narrow klass base: 0x0000000000000000, Narrow klass shift: 0

GC Heap History (0 events):
No events

Deoptimization events (0 events):
No events

Classes redefined (0 events):
No events

Internal exceptions (0 events):
No events

Events (0 events):
No events


Dynamic libraries:
0x00007ff7396e0000 - 0x00007ff739727000 	D:\JetBrains\IntelliJ IDEA 2019.2.3\jbr\bin\java.exe
0x00007ffe6aae0000 - 0x00007ffe6acd0000 	C:\WINDOWS\SYSTEM32\ntdll.dll
0x00007ffe69920000 - 0x00007ffe699d2000 	C:\WINDOWS\System32\KERNEL32.DLL
0x00007ffe67cd0000 - 0x00007ffe67f74000 	C:\WINDOWS\System32\KERNELBASE.dll
0x00007ffe68b90000 - 0x00007ffe68d24000 	C:\WINDOWS\System32\USER32.dll
0x00007ffe68b60000 - 0x00007ffe68b81000 	C:\WINDOWS\System32\win32u.dll
0x00007ffe68ef0000 - 0x00007ffe68f16000 	C:\WINDOWS\System32\GDI32.dll
0x00007ffe68850000 - 0x00007ffe689e5000 	C:\WINDOWS\System32\gdi32full.dll
0x00007ffe68030000 - 0x00007ffe680ce000 	C:\WINDOWS\System32\msvcp_win.dll
0x00007ffe68a60000 - 0x00007ffe68b5a000 	C:\WINDOWS\System32\ucrtbase.dll
0x00007ffe580c0000 - 0x00007ffe58344000 	C:\WINDOWS\WinSxS\amd64_microsoft.windows.common-controls_6595b64144ccf1df_6.0.18362.900_none_e6beb9d913147d17\COMCTL32.dll
0x00007ffe6a980000 - 0x00007ffe6aa1e000 	C:\WINDOWS\System32\msvcrt.dll
0x00007ffe69ce0000 - 0x00007ffe6a015000 	C:\WINDOWS\System32\combase.dll
0x00007ffe68f20000 - 0x00007ffe69040000 	C:\WINDOWS\System32\RPCRT4.dll
0x00007ffe67bf0000 - 0x00007ffe67c70000 	C:\WINDOWS\System32\bcryptPrimitives.dll
0x00007ffe6a860000 - 0x00007ffe6a88e000 	C:\WINDOWS\System32\IMM32.DLL
0x00007ffe56540000 - 0x00007ffe56557000 	D:\JetBrains\IntelliJ IDEA 2019.2.3\jbr\bin\vcruntime140.dll
0x00007ffe34cc0000 - 0x00007ffe34d5d000 	D:\JetBrains\IntelliJ IDEA 2019.2.3\jbr\bin\msvcp140.dll
0x00007ffe2c7a0000 - 0x00007ffe2d258000 	D:\JetBrains\IntelliJ IDEA 2019.2.3\jbr\bin\server\jvm.dll
0x00007ffe69040000 - 0x00007ffe690e3000 	C:\WINDOWS\System32\ADVAPI32.dll
0x00007ffe6a550000 - 0x00007ffe6a5e7000 	C:\WINDOWS\System32\sechost.dll
0x00007ffe6a660000 - 0x00007ffe6a668000 	C:\WINDOWS\System32\PSAPI.DLL
0x00007ffe540b0000 - 0x00007ffe540b9000 	C:\WINDOWS\SYSTEM32\WSOCK32.dll
0x00007ffe63fe0000 - 0x00007ffe64004000 	C:\WINDOWS\SYSTEM32\WINMM.dll
0x00007ffe5e140000 - 0x00007ffe5e14a000 	C:\WINDOWS\SYSTEM32\VERSION.dll
0x00007ffe6a5f0000 - 0x00007ffe6a65f000 	C:\WINDOWS\System32\WS2_32.dll
0x00007ffe63fb0000 - 0x00007ffe63fdd000 	C:\WINDOWS\SYSTEM32\winmmbase.dll
0x00007ffe689f0000 - 0x00007ffe68a3a000 	C:\WINDOWS\System32\cfgmgr32.dll
0x00007ffe67a00000 - 0x00007ffe67a11000 	C:\WINDOWS\System32\kernel.appcore.dll
0x00007ffe64020000 - 0x00007ffe64031000 	D:\JetBrains\IntelliJ IDEA 2019.2.3\jbr\bin\verify.dll
0x00007ffe662a0000 - 0x00007ffe66494000 	C:\WINDOWS\SYSTEM32\DBGHELP.DLL
0x00007ffe50850000 - 0x00007ffe5087a000 	C:\WINDOWS\SYSTEM32\dbgcore.DLL
0x00007ffe63b10000 - 0x00007ffe63b39000 	D:\JetBrains\IntelliJ IDEA 2019.2.3\jbr\bin\java.dll
0x00007ffe59060000 - 0x00007ffe59094000 	D:\JetBrains\IntelliJ IDEA 2019.2.3\jbr\bin\instrument.dll
0x00007ffe63b80000 - 0x00007ffe63b97000 	D:\JetBrains\IntelliJ IDEA 2019.2.3\jbr\bin\zip.dll
0x00007ffe64010000 - 0x00007ffe6401b000 	D:\JetBrains\IntelliJ IDEA 2019.2.3\jbr\bin\jimage.dll

dbghelp: loaded successfully - version: 4.0.5 - missing functions: none
symbol engine: initialized successfully - sym options: 0x614 - pdb path: .;D:\JetBrains\IntelliJ IDEA 2019.2.3\jbr\bin;C:\WINDOWS\SYSTEM32;C:\WINDOWS\WinSxS\amd64_microsoft.windows.common-controls_6595b64144ccf1df_6.0.18362.900_none_e6beb9d913147d17;D:\JetBrains\IntelliJ IDEA 2019.2.3\jbr\bin\server

VM Arguments:
jvm_args: -Dmaven.multiModuleProjectDirectory=E:\IdeaProjects\betterplot\betterplot-model -Dmaven.home=D:\JetBrains\IntelliJ IDEA 2019.2.3\plugins\maven\lib\maven3 -Dclassworlds.conf=D:\JetBrains\IntelliJ IDEA 2019.2.3\plugins\maven\lib\maven3\bin\m2.conf -Dmaven.ext.class.path=D:\JetBrains\IntelliJ IDEA 2019.2.3\plugins\maven\lib\maven-event-listener.jar -javaagent:D:\JetBrains\IntelliJ IDEA 2019.2.3\lib\idea_rt.jar=58664:D:\JetBrains\IntelliJ IDEA 2019.2.3\bin -Dfile.encoding=UTF-8 
java_command: org.codehaus.classworlds.Launcher -Didea.version2019.2.3 -s D:\apache-maven-3.5.4-bin\apache-maven-3.5.4\conf\settings.xml -Dmaven.repo.local=E:\maven\localRepository install
java_class_path (initial): D:\JetBrains\IntelliJ IDEA 2019.2.3\plugins\maven\lib\maven3\boot\plexus-classworlds-2.6.0.jar
Launcher Type: SUN_STANDARD

[Global flags]
     intx CICompilerCount                          = 4                                         {product} {ergonomic}
     uint ConcGCThreads                            = 2                                         {product} {ergonomic}
     uint G1ConcRefinementThreads                  = 8                                         {product} {ergonomic}
   size_t G1HeapRegionSize                         = 1048576                                   {product} {ergonomic}
    uintx GCDrainStackTargetSize                   = 64                                        {product} {ergonomic}
   size_t InitialHeapSize                          = 134217728                                 {product} {ergonomic}
   size_t MarkStackSize                            = 4194304                                   {product} {ergonomic}
   size_t MaxHeapSize                              = 2116026368                                {product} {ergonomic}
   size_t MinHeapDeltaBytes                        = 1048576                                   {product} {ergonomic}
    uintx NonNMethodCodeHeapSize                   = 5835340                                {pd product} {ergonomic}
    uintx NonProfiledCodeHeapSize                  = 122911450                              {pd product} {ergonomic}
    uintx ProfiledCodeHeapSize                     = 122911450                              {pd product} {ergonomic}
    uintx ReservedCodeCacheSize                    = 251658240                              {pd product} {ergonomic}
     bool SegmentedCodeCache                       = true                                      {product} {ergonomic}
     bool UseCompressedClassPointers               = true                                 {lp64_product} {ergonomic}
     bool UseCompressedOops                        = true                                 {lp64_product} {ergonomic}
     bool UseG1GC                                  = true                                      {product} {ergonomic}
     bool UseLargePagesIndividualAllocation        = false                                  {pd product} {ergonomic}

Logging:
Log output configuration:
 #0: stdout all=warning uptime,level,tags
 #1: stderr all=off uptime,level,tags

Environment Variables:
JAVA_HOME=D:\java\jdk-11
CLASSPATH=.D:\java\jdk-11\lib;D:\java\jdk-11\lib\tools.jar
PATH=D:\mingw-w64\x86_64-8.1.0-posix-seh-rt_v6-rev0\mingw64\bin;C:\Program Files\Alacritty\;D:\Python\Python38\;D:\Python\Python38\Scripts\;C:\Program Files\NVIDIA GPU Computing Toolkit\CUDA\v9.0\bin;C:\Program Files\NVIDIA GPU Computing Toolkit\CUDA\v9.0\lib;C:\Program Files\Microsoft MPI\Bin\;C:\Program Files (x86)\Intel\iCLS Client\;C:\Program Files\Intel\iCLS Client\;C:\WINDOWS\system32;C:\WINDOWS;C:\WINDOWS\System32\Wbem;C:\WINDOWS\System32\WindowsPowerShell\v1.0\;C:\Program Files (x86)\Intel\Intel(R) Management Engine Components\DAL;C:\Program Files\Intel\Intel(R) Management Engine Components\DAL;C:\Program Files (x86)\Intel\Intel(R) Management Engine Components\IPT;C:\Program Files\Intel\Intel(R) Management Engine Components\IPT;C:\Program Files\dotnet\;D:\apache-maven-3.5.4-bin\apache-maven-3.5.4\bin;D:\Git\cmd;D:\.cargo\bin;C:\Program Files (x86)\NVIDIA Corporation\PhysX\Common;D:\cudnn-9.0-windows10-x64-v7.2.1.38\cuda\bin;E:\software\CMake\bin;C:\Program Files\Microsoft SQL Server\130\Tools\Binn\;C:\Windows\System32;E:\scala\bin;D:\sbt\bin;C:\ProgramData\chocolatey\bin;C:\Program Files\Git LFS;D:\java\jdk-11\bin;D:\Microsoft Visual Studio\2017\Community\Common7\IDE;D:\Microsoft Visual Studio\2017\Community;D:\GOPATH\bin;D:\nodejs\node_global;E:\software\Android\SDK\tools;E:\software\gradle-4.10.2-bin\gradle-4.10.2\bin;C:\Program Files\Common Files\Intel\WirelessCommon\;E:\software\svn\bin;D:\automake\automake.exe;D:\gdbconfig;C:\Program Files\Intel\WiFi\bin\;D:\Python\Python37\;D:\Graphviz2.38\bin;D:\Julia-1.3.1\bin;D:\Lua\5.1;D:\Lua\5.1\clibs;D:\PuTTY\;D:\hadoop-3.1.2\hadoop-3.1.2\bin;D:\Go\bin;C:\WINDOWS\system32;C:\WINDOWS;C:\WINDOWS\System32\Wbem;C:\WINDOWS\System32\WindowsPowerShell\v1.0\;C:\WINDOWS\System32\OpenSSH\;E:\software\Android\SDK\platform-tools;E:\software\Android\SDK\emulator;E:\software\Android\SDK\tools;E:\software\Android\SDK\tools\bin;E:\flutter_windows_v1.12.13+hotfix.8-stable\flutter\bin;E:\herowuking-dart-sdk-master\dart-sdk\sdk\bin;E:
USERNAME=Lenovo
OS=Windows_NT
PROCESSOR_IDENTIFIER=Intel64 Family 6 Model 142 Stepping 10, GenuineIntel



---------------  S Y S T E M  ---------------

OS: Windows 10 , 64 bit Build 18362 (10.0.18362.900)

CPU:total 8 (initial active 8) (4 cores per cpu, 2 threads per core) family 6 model 142 stepping 10, cmov, cx8, fxsr, mmx, sse, sse2, sse3, ssse3, sse4.1, sse4.2, popcnt, avx, avx2, aes, clmul, erms, 3dnowpref, lzcnt, ht, tsc, tscinvbit, bmi1, bmi2, adx, fma

Memory: 4k page, system-wide physical 8066M (1314M free)
TotalPageFile size 12162M (AvailPageFile size 31M)
current process WorkingSet (physical memory assigned to process): 10M, peak: 10M
current process commit charge ("private bytes"): 60M, peak: 188M

vm_info: OpenJDK 64-Bit Server VM (11.0.4+10-b304.69) for windows-amd64 JRE (11.0.4+10-b304.69), built on Sep  9 2019 11:39:50 by "" with MS VC++ 14.0 (VS2015)

END.
